[2025-09-29 15:01:28] [info] Reading .orbit file: .\backup.orbit 
[2025-09-29 15:01:28] [info] 正在读取 .orbit 文件: .\backup.orbit 
[2025-09-29 15:01:28] [info] 文件大小: 8618683 字节 (8416.68 KB) 
[2025-09-29 15:01:28] [info] 修改时间: 2025-09-29 15:01:23 
[2025-09-29 15:01:28] [info] ----------------------------------------
[2025-09-29 15:01:28] [info] 包含文件数量: 1634 
[2025-09-29 15:01:28] [info] ----------------------------------------
[2025-09-29 15:01:28] [info] 文件列表:
[2025-09-29 15:01:28] [info] ----------------------------------------
[2025-09-29 15:01:28] [info] 总未压缩大小: 47305122 字节 (46196.41 KB)
[2025-09-29 15:01:28] [info] 包含 manifest.json: true
[2025-09-29 15:01:28] [info] 包含 software-list.json: false
[2025-09-29 15:01:28] [info] 配置文件数量: 0
[2025-09-29 15:01:28] [info] ----------------------------------------
[2025-09-29 15:01:28] [info] Manifest 内容:  
[2025-09-29 15:01:28] [info]   保存的时间: 2025-09-29T15:01:23+08:00 
[2025-09-29 15:01:28] [info]   系统:        windows 
[2025-09-29 15:01:28] [info]   架构:      amd64 
[2025-09-29 15:01:28] [info]   主机名:  DESKTOP-AKDF59F 
[2025-09-29 15:01:28] [info]   用户名:  DESKTOP-AKDF59F\mmili985 
[2025-09-29 15:01:28] [info] Read operation completed.
