[2025-09-29 15:01:07] [info] Reading .orbit file: .\backup.orbit 
[2025-09-29 15:01:07] [info] 正在读取 .orbit 文件: .\backup.orbit 
[2025-09-29 15:01:07] [info] 文件大小: 8617722 字节 (8415.74 KB) 
[2025-09-29 15:01:07] [info] 修改时间: 2025-09-29 15:00:48 
[2025-09-29 15:01:07] [info] ----------------------------------------
[2025-09-29 15:01:07] [info] 包含文件数量: 1633 
[2025-09-29 15:01:07] [info] ----------------------------------------
[2025-09-29 15:01:07] [info] 文件列表:
[2025-09-29 15:01:07] [info] ----------------------------------------
[2025-09-29 15:01:07] [info] 总未压缩大小: 47303874 字节 (46195.19 KB)
[2025-09-29 15:01:07] [info] 包含 manifest.json: true
[2025-09-29 15:01:07] [info] 包含 software-list.json: false
[2025-09-29 15:01:07] [info] 配置文件数量: 0
[2025-09-29 15:01:07] [info] ----------------------------------------
[2025-09-29 15:01:07] [info] Manifest 内容:  
[2025-09-29 15:01:07] [info]   保存的时间: 2025-09-29T15:00:47+08:00 
[2025-09-29 15:01:07] [info]   系统:        windows 
[2025-09-29 15:01:07] [info]   架构:      amd64 
[2025-09-29 15:01:07] [info]   主机名:  DESKTOP-AKDF59F 
[2025-09-29 15:01:07] [info]   用户名:  DESKTOP-AKDF59F\mmili985 
[2025-09-29 15:01:07] [info] Read operation completed.
